<html>
<body>
<pre>
<h1>Vision Build Log</h1>
<h2>Project:</h2>
C:\Users\Sam Song\Desktop\优生免考\MCU-Project\FrontBackTest\后轮.uvproj
Project File Date:  01/09/2016

<h2>Output:</h2>
Build target 'Target 1'
assembling STARTUP.A51...
compiling delay.c...
compiling mileage.c...
compiling Receice.c...
compiling turning.c...
compiling Back.c...
linking...
*** WARNING L16: UNCALLED SEGMENT, IGNORED FOR OVERLAY PROCESS
    SEGMENT: ?PR?MILE_DISPLAY?MILEAGE
*** WARNING L16: UNCALLED SEGMENT, IGNORED FOR OVERLAY PROCESS
    SEGMENT: ?PR?TURNING_PATTERN?TURNING
Program Size: data=78.3 xdata=0 code=4332
"后轮" - 0 Error(s), 2 Warning(s).
Build target 'Target 1'
compiling Back.c...
BACK.C(174): error C171: 'break': missing enclosing loop
BACK.C(175): error C172: 'case': missing enclosing switch
BACK.C(185): error C171: 'break': missing enclosing loop
BACK.C(186): error C172: 'case': missing enclosing switch
BACK.C(190): error C171: 'break': missing enclosing loop
BACK.C(191): error C172: 'default': missing enclosing switch
BACK.C(191): error C171: 'break': missing enclosing loop
BACK.C(195): error C141: syntax error near '}'
BACK.C(197): error C129: missing ';' before '{'
Target not created
Build target 'Target 1'
assembling STARTUP.A51...
compiling delay.c...
compiling mileage.c...
compiling Receice.c...
compiling turning.c...
compiling Back.c...
BACK.C(174): error C171: 'break': missing enclosing loop
BACK.C(175): error C172: 'case': missing enclosing switch
BACK.C(185): error C171: 'break': missing enclosing loop
BACK.C(186): error C172: 'case': missing enclosing switch
BACK.C(190): error C171: 'break': missing enclosing loop
BACK.C(191): error C172: 'default': missing enclosing switch
BACK.C(191): error C171: 'break': missing enclosing loop
BACK.C(195): error C141: syntax error near '}'
BACK.C(197): error C129: missing ';' before '{'
Target not created
Build target 'Target 1'
compiling Back.c...
BACK.C(35): error C141: syntax error near 'void'
BACK.C(103): error C171: 'break': missing enclosing loop
BACK.C(104): error C172: 'case': missing enclosing switch
BACK.C(114): error C171: 'break': missing enclosing loop
BACK.C(115): error C172: 'case': missing enclosing switch
BACK.C(119): error C171: 'break': missing enclosing loop
BACK.C(120): error C172: 'default': missing enclosing switch
BACK.C(120): error C171: 'break': missing enclosing loop
BACK.C(124): error C141: syntax error near '}'
BACK.C(126): error C129: missing ';' before '{'
Target not created
Build target 'Target 1'
assembling STARTUP.A51...
compiling delay.c...
compiling mileage.c...
compiling Receice.c...
compiling turning.c...
compiling Back.c...
BACK.C(35): error C141: syntax error near 'void'
BACK.C(103): error C171: 'break': missing enclosing loop
BACK.C(104): error C172: 'case': missing enclosing switch
BACK.C(114): error C171: 'break': missing enclosing loop
BACK.C(115): error C172: 'case': missing enclosing switch
BACK.C(119): error C171: 'break': missing enclosing loop
BACK.C(120): error C172: 'default': missing enclosing switch
BACK.C(120): error C171: 'break': missing enclosing loop
BACK.C(124): error C141: syntax error near '}'
BACK.C(126): error C129: missing ';' before '{'
Target not created
Build target 'Target 1'
compiling Back.c...
BACK.C(103): error C171: 'break': missing enclosing loop
BACK.C(104): error C172: 'case': missing enclosing switch
BACK.C(114): error C171: 'break': missing enclosing loop
BACK.C(115): error C172: 'case': missing enclosing switch
BACK.C(119): error C171: 'break': missing enclosing loop
BACK.C(120): error C172: 'default': missing enclosing switch
BACK.C(120): error C171: 'break': missing enclosing loop
BACK.C(124): error C141: syntax error near '}'
BACK.C(126): error C129: missing ';' before '{'
Target not created
Build target 'Target 1'
assembling STARTUP.A51...
compiling delay.c...
compiling mileage.c...
compiling Receice.c...
compiling turning.c...
compiling Back.c...
BACK.C(103): error C171: 'break': missing enclosing loop
BACK.C(104): error C172: 'case': missing enclosing switch
BACK.C(114): error C171: 'break': missing enclosing loop
BACK.C(115): error C172: 'case': missing enclosing switch
BACK.C(119): error C171: 'break': missing enclosing loop
BACK.C(120): error C172: 'default': missing enclosing switch
BACK.C(120): error C171: 'break': missing enclosing loop
BACK.C(124): error C141: syntax error near '}'
BACK.C(126): error C129: missing ';' before '{'
Target not created
Build target 'Target 1'
assembling STARTUP.A51...
compiling delay.c...
compiling mileage.c...
compiling Receice.c...
compiling turning.c...
compiling Back.c...
BACK.C(103): error C171: 'break': missing enclosing loop
BACK.C(104): error C172: 'case': missing enclosing switch
BACK.C(114): error C171: 'break': missing enclosing loop
BACK.C(115): error C172: 'case': missing enclosing switch
BACK.C(119): error C171: 'break': missing enclosing loop
BACK.C(120): error C172: 'default': missing enclosing switch
BACK.C(120): error C171: 'break': missing enclosing loop
BACK.C(124): error C141: syntax error near '}'
BACK.C(126): error C129: missing ';' before '{'
Target not created
Build target 'Target 1'
assembling STARTUP.A51...
compiling delay.c...
compiling mileage.c...
compiling Receice.c...
compiling turning.c...
compiling Back.c...
linking...
*** ERROR L104: MULTIPLE PUBLIC DEFINITIONS
    SYMBOL:  TURNING_PATTERN
    MODULE:  Back.obj (BACK)
*** WARNING L16: UNCALLED SEGMENT, IGNORED FOR OVERLAY PROCESS
    SEGMENT: ?PR?MILE_DISPLAY?MILEAGE
*** WARNING L16: UNCALLED SEGMENT, IGNORED FOR OVERLAY PROCESS
    SEGMENT: ?PR?TURNING_PATTERN?TURNING
Program Size: data=78.3 xdata=0 code=7791
Target not created
Build target 'Target 1'
assembling STARTUP.A51...
compiling delay.c...
compiling mileage.c...
compiling Receice.c...
compiling turning.c...
compiling Back.c...
linking...
*** ERROR L104: MULTIPLE PUBLIC DEFINITIONS
    SYMBOL:  TURNING_PATTERN
    MODULE:  Back.obj (BACK)
*** WARNING L16: UNCALLED SEGMENT, IGNORED FOR OVERLAY PROCESS
    SEGMENT: ?PR?MILE_DISPLAY?MILEAGE
*** WARNING L16: UNCALLED SEGMENT, IGNORED FOR OVERLAY PROCESS
    SEGMENT: ?PR?TURNING_PATTERN?TURNING
Program Size: data=78.3 xdata=0 code=7791
Target not created
Build target 'Target 1'
compiling Back.c...
linking...
*** ERROR L104: MULTIPLE PUBLIC DEFINITIONS
    SYMBOL:  TURNING_PATTERN
    MODULE:  Back.obj (BACK)
*** WARNING L16: UNCALLED SEGMENT, IGNORED FOR OVERLAY PROCESS
    SEGMENT: ?PR?MILE_DISPLAY?MILEAGE
*** WARNING L16: UNCALLED SEGMENT, IGNORED FOR OVERLAY PROCESS
    SEGMENT: ?PR?TURNING_PATTERN?TURNING
Program Size: data=78.3 xdata=0 code=7791
Target not created
Build target 'Target 1'
compiling Back.c...
linking...
*** ERROR L104: MULTIPLE PUBLIC DEFINITIONS
    SYMBOL:  TURNING_PATTERN
    MODULE:  Back.obj (BACK)
*** WARNING L16: UNCALLED SEGMENT, IGNORED FOR OVERLAY PROCESS
    SEGMENT: ?PR?MILE_DISPLAY?MILEAGE
*** WARNING L16: UNCALLED SEGMENT, IGNORED FOR OVERLAY PROCESS
    SEGMENT: ?PR?TURNING_PATTERN?TURNING
Program Size: data=78.3 xdata=0 code=7791
Target not created
Build target 'Target 1'
compiling Back.c...
linking...
*** ERROR L104: MULTIPLE PUBLIC DEFINITIONS
    SYMBOL:  TURNING_PATTERN
    MODULE:  Back.obj (BACK)
*** WARNING L16: UNCALLED SEGMENT, IGNORED FOR OVERLAY PROCESS
    SEGMENT: ?PR?MILE_DISPLAY?MILEAGE
*** WARNING L16: UNCALLED SEGMENT, IGNORED FOR OVERLAY PROCESS
    SEGMENT: ?PR?TURNING_PATTERN?TURNING
Program Size: data=78.3 xdata=0 code=7791
Target not created
Build target 'Target 1'
compiling Back.c...
linking...
*** ERROR L104: MULTIPLE PUBLIC DEFINITIONS
    SYMBOL:  TURNING_PATTERN
    MODULE:  Back.obj (BACK)
*** WARNING L16: UNCALLED SEGMENT, IGNORED FOR OVERLAY PROCESS
    SEGMENT: ?PR?MILE_DISPLAY?MILEAGE
*** WARNING L16: UNCALLED SEGMENT, IGNORED FOR OVERLAY PROCESS
    SEGMENT: ?PR?TURNING_PATTERN?TURNING
Program Size: data=78.3 xdata=0 code=7791
Target not created
Build target 'Target 1'
assembling STARTUP.A51...
compiling delay.c...
compiling mileage.c...
compiling Receice.c...
compiling turning.c...
compiling Back.c...
linking...
*** ERROR L104: MULTIPLE PUBLIC DEFINITIONS
    SYMBOL:  TURNING_PATTERN
    MODULE:  Back.obj (BACK)
*** WARNING L16: UNCALLED SEGMENT, IGNORED FOR OVERLAY PROCESS
    SEGMENT: ?PR?MILE_DISPLAY?MILEAGE
*** WARNING L16: UNCALLED SEGMENT, IGNORED FOR OVERLAY PROCESS
    SEGMENT: ?PR?TURNING_PATTERN?TURNING
Program Size: data=78.3 xdata=0 code=7791
Target not created
Build target 'Target 1'
compiling turning.c...
compiling Back.c...
linking...
*** WARNING L16: UNCALLED SEGMENT, IGNORED FOR OVERLAY PROCESS
    SEGMENT: ?PR?_DELAY_1MS?DELAY
*** WARNING L16: UNCALLED SEGMENT, IGNORED FOR OVERLAY PROCESS
    SEGMENT: ?PR?MILE_DISPLAY?MILEAGE
Program Size: data=78.3 xdata=0 code=6594
"后轮" - 0 Error(s), 2 Warning(s).
Build target 'Target 1'
assembling STARTUP.A51...
compiling delay.c...
compiling mileage.c...
compiling Receice.c...
compiling turning.c...
compiling Back.c...
linking...
*** WARNING L16: UNCALLED SEGMENT, IGNORED FOR OVERLAY PROCESS
    SEGMENT: ?PR?_DELAY_1MS?DELAY
*** WARNING L16: UNCALLED SEGMENT, IGNORED FOR OVERLAY PROCESS
    SEGMENT: ?PR?MILE_DISPLAY?MILEAGE
Program Size: data=78.3 xdata=0 code=6594
"后轮" - 0 Error(s), 2 Warning(s).
Build target 'Target 1'
assembling STARTUP.A51...
compiling delay.c...
compiling mileage.c...
compiling Receice.c...
compiling turning.c...
compiling Back.c...
linking...
*** WARNING L16: UNCALLED SEGMENT, IGNORED FOR OVERLAY PROCESS
    SEGMENT: ?PR?_DELAY_1MS?DELAY
*** WARNING L16: UNCALLED SEGMENT, IGNORED FOR OVERLAY PROCESS
    SEGMENT: ?PR?MILE_DISPLAY?MILEAGE
Program Size: data=78.3 xdata=0 code=6594
"后轮" - 0 Error(s), 2 Warning(s).
Build target 'Target 1'
linking...
*** WARNING L16: UNCALLED SEGMENT, IGNORED FOR OVERLAY PROCESS
    SEGMENT: ?PR?_DELAY_1MS?DELAY
*** WARNING L16: UNCALLED SEGMENT, IGNORED FOR OVERLAY PROCESS
    SEGMENT: ?PR?MILE_DISPLAY?MILEAGE
Program Size: data=78.3 xdata=0 code=6594
"后轮" - 0 Error(s), 2 Warning(s).
Build target 'Target 1'
assembling STARTUP.A51...
compiling delay.c...
compiling mileage.c...
compiling Receice.c...
compiling turning.c...
compiling Back.c...
linking...
*** WARNING L16: UNCALLED SEGMENT, IGNORED FOR OVERLAY PROCESS
    SEGMENT: ?PR?_DELAY_1MS?DELAY
*** WARNING L16: UNCALLED SEGMENT, IGNORED FOR OVERLAY PROCESS
    SEGMENT: ?PR?MILE_DISPLAY?MILEAGE
Program Size: data=78.3 xdata=0 code=6594
creating hex file from "后轮"...
"后轮" - 0 Error(s), 2 Warning(s).
Build target 'Target 1'
compiling Back.c...
linking...
*** WARNING L16: UNCALLED SEGMENT, IGNORED FOR OVERLAY PROCESS
    SEGMENT: ?PR?_DELAY_1MS?DELAY
*** WARNING L16: UNCALLED SEGMENT, IGNORED FOR OVERLAY PROCESS
    SEGMENT: ?PR?MILE_DISPLAY?MILEAGE
*** WARNING L16: UNCALLED SEGMENT, IGNORED FOR OVERLAY PROCESS
    SEGMENT: ?PR?TURNING_PATTERN?TURNING
Program Size: data=78.3 xdata=0 code=9852
creating hex file from "后轮"...
"后轮" - 0 Error(s), 3 Warning(s).
Build target 'Target 1'
assembling STARTUP.A51...
compiling delay.c...
compiling mileage.c...
compiling Receice.c...
compiling turning.c...
compiling Back.c...
linking...
*** WARNING L16: UNCALLED SEGMENT, IGNORED FOR OVERLAY PROCESS
    SEGMENT: ?PR?_DELAY_1MS?DELAY
*** WARNING L16: UNCALLED SEGMENT, IGNORED FOR OVERLAY PROCESS
    SEGMENT: ?PR?MILE_DISPLAY?MILEAGE
*** WARNING L16: UNCALLED SEGMENT, IGNORED FOR OVERLAY PROCESS
    SEGMENT: ?PR?TURNING_PATTERN?TURNING
Program Size: data=78.3 xdata=0 code=9852
creating hex file from "后轮"...
"后轮" - 0 Error(s), 3 Warning(s).
Build target 'Target 1'
compiling Back.c...
BACK.C(130): error C141: syntax error near '}'
BACK.C(131): error C141: syntax error near 'else'
BACK.C(131): error C141: syntax error near '}'
BACK.C(132): error C141: syntax error near 'else'
BACK.C(132): error C141: syntax error near '}'
BACK.C(133): error C141: syntax error near 'else'
BACK.C(133): error C141: syntax error near '}'
BACK.C(134): error C141: syntax error near 'else'
BACK.C(134): error C141: syntax error near '}'
BACK.C(135): error C141: syntax error near 'else'
BACK.C(135): error C141: syntax error near '}'
BACK.C(136): error C141: syntax error near 'else'
BACK.C(136): error C141: syntax error near '}'
BACK.C(137): error C141: syntax error near 'else'
BACK.C(137): error C141: syntax error near '}'
BACK.C(138): error C141: syntax error near 'else'
BACK.C(142): error C141: syntax error near '}'
BACK.C(143): error C141: syntax error near 'else'
BACK.C(143): error C141: syntax error near '}'
BACK.C(144): error C141: syntax error near 'else'
BACK.C(144): error C141: syntax error near '}'
BACK.C(145): error C141: syntax error near 'else'
BACK.C(145): error C141: syntax error near '}'
BACK.C(146): error C141: syntax error near 'else'
BACK.C(146): error C141: syntax error near '}'
BACK.C(147): error C141: syntax error near 'else'
BACK.C(147): error C141: syntax error near '}'
BACK.C(148): error C141: syntax error near 'else'
BACK.C(148): error C141: syntax error near '}'
BACK.C(149): error C141: syntax error near 'else'
BACK.C(149): error C141: syntax error near '}'
BACK.C(150): error C141: syntax error near 'else'
BACK.C(154): error C141: syntax error near '}'
BACK.C(155): error C141: syntax error near 'else'
BACK.C(155): error C141: syntax error near '}'
BACK.C(156): error C141: syntax error near 'else'
BACK.C(156): error C141: syntax error near '}'
BACK.C(157): error C141: syntax error near 'else'
BACK.C(157): error C141: syntax error near '}'
BACK.C(158): error C141: syntax error near 'else'
BACK.C(158): error C141: syntax error near '}'
BACK.C(159): error C141: syntax error near 'else'
BACK.C(159): error C141: syntax error near '}'
BACK.C(160): error C141: syntax error near 'else'
BACK.C(160): error C141: syntax error near '}'
BACK.C(161): error C141: syntax error near 'else'
BACK.C(161): error C141: syntax error near '}'
BACK.C(162): error C141: syntax error near 'else'
Target not created
Build target 'Target 1'
assembling STARTUP.A51...
compiling delay.c...
compiling mileage.c...
compiling Receice.c...
compiling turning.c...
compiling Back.c...
BACK.C(130): error C141: syntax error near '}'
BACK.C(131): error C141: syntax error near 'else'
BACK.C(131): error C141: syntax error near '}'
BACK.C(132): error C141: syntax error near 'else'
BACK.C(132): error C141: syntax error near '}'
BACK.C(133): error C141: syntax error near 'else'
BACK.C(133): error C141: syntax error near '}'
BACK.C(134): error C141: syntax error near 'else'
BACK.C(134): error C141: syntax error near '}'
BACK.C(135): error C141: syntax error near 'else'
BACK.C(135): error C141: syntax error near '}'
BACK.C(136): error C141: syntax error near 'else'
BACK.C(136): error C141: syntax error near '}'
BACK.C(137): error C141: syntax error near 'else'
BACK.C(137): error C141: syntax error near '}'
BACK.C(138): error C141: syntax error near 'else'
BACK.C(142): error C141: syntax error near '}'
BACK.C(143): error C141: syntax error near 'else'
BACK.C(143): error C141: syntax error near '}'
BACK.C(144): error C141: syntax error near 'else'
BACK.C(144): error C141: syntax error near '}'
BACK.C(145): error C141: syntax error near 'else'
BACK.C(145): error C141: syntax error near '}'
BACK.C(146): error C141: syntax error near 'else'
BACK.C(146): error C141: syntax error near '}'
BACK.C(147): error C141: syntax error near 'else'
BACK.C(147): error C141: syntax error near '}'
BACK.C(148): error C141: syntax error near 'else'
BACK.C(148): error C141: syntax error near '}'
BACK.C(149): error C141: syntax error near 'else'
BACK.C(149): error C141: syntax error near '}'
BACK.C(150): error C141: syntax error near 'else'
BACK.C(154): error C141: syntax error near '}'
BACK.C(155): error C141: syntax error near 'else'
BACK.C(155): error C141: syntax error near '}'
BACK.C(156): error C141: syntax error near 'else'
BACK.C(156): error C141: syntax error near '}'
BACK.C(157): error C141: syntax error near 'else'
BACK.C(157): error C141: syntax error near '}'
BACK.C(158): error C141: syntax error near 'else'
BACK.C(158): error C141: syntax error near '}'
BACK.C(159): error C141: syntax error near 'else'
BACK.C(159): error C141: syntax error near '}'
BACK.C(160): error C141: syntax error near 'else'
BACK.C(160): error C141: syntax error near '}'
BACK.C(161): error C141: syntax error near 'else'
BACK.C(161): error C141: syntax error near '}'
BACK.C(162): error C141: syntax error near 'else'
Target not created
Build target 'Target 1'
compiling Back.c...
linking...
*** WARNING L16: UNCALLED SEGMENT, IGNORED FOR OVERLAY PROCESS
    SEGMENT: ?PR?_DELAY_1MS?DELAY
*** WARNING L16: UNCALLED SEGMENT, IGNORED FOR OVERLAY PROCESS
    SEGMENT: ?PR?MILE_DISPLAY?MILEAGE
*** WARNING L16: UNCALLED SEGMENT, IGNORED FOR OVERLAY PROCESS
    SEGMENT: ?PR?TURNING_PATTERN?TURNING
Program Size: data=78.3 xdata=0 code=8601
creating hex file from "后轮"...
"后轮" - 0 Error(s), 3 Warning(s).
Build target 'Target 1'
assembling STARTUP.A51...
compiling delay.c...
compiling mileage.c...
compiling Receice.c...
compiling turning.c...
compiling Back.c...
linking...
*** WARNING L16: UNCALLED SEGMENT, IGNORED FOR OVERLAY PROCESS
    SEGMENT: ?PR?_DELAY_1MS?DELAY
*** WARNING L16: UNCALLED SEGMENT, IGNORED FOR OVERLAY PROCESS
    SEGMENT: ?PR?MILE_DISPLAY?MILEAGE
*** WARNING L16: UNCALLED SEGMENT, IGNORED FOR OVERLAY PROCESS
    SEGMENT: ?PR?TURNING_PATTERN?TURNING
Program Size: data=78.3 xdata=0 code=8601
creating hex file from "后轮"...
"后轮" - 0 Error(s), 3 Warning(s).
Build target 'Target 1'
compiling Back.c...
linking...
*** WARNING L16: UNCALLED SEGMENT, IGNORED FOR OVERLAY PROCESS
    SEGMENT: ?PR?_DELAY_1MS?DELAY
*** WARNING L16: UNCALLED SEGMENT, IGNORED FOR OVERLAY PROCESS
    SEGMENT: ?PR?MILE_DISPLAY?MILEAGE
*** WARNING L16: UNCALLED SEGMENT, IGNORED FOR OVERLAY PROCESS
    SEGMENT: ?PR?TURNING_PATTERN?TURNING
Program Size: data=78.3 xdata=0 code=8601
creating hex file from "后轮"...
"后轮" - 0 Error(s), 3 Warning(s).
Build target 'Target 1'
assembling STARTUP.A51...
compiling delay.c...
compiling mileage.c...
compiling Receice.c...
compiling turning.c...
compiling Back.c...
linking...
*** WARNING L16: UNCALLED SEGMENT, IGNORED FOR OVERLAY PROCESS
    SEGMENT: ?PR?_DELAY_1MS?DELAY
*** WARNING L16: UNCALLED SEGMENT, IGNORED FOR OVERLAY PROCESS
    SEGMENT: ?PR?MILE_DISPLAY?MILEAGE
*** WARNING L16: UNCALLED SEGMENT, IGNORED FOR OVERLAY PROCESS
    SEGMENT: ?PR?TURNING_PATTERN?TURNING
Program Size: data=78.3 xdata=0 code=8601
creating hex file from "后轮"...
"后轮" - 0 Error(s), 3 Warning(s).
Build target 'Target 1'
linking...
*** WARNING L16: UNCALLED SEGMENT, IGNORED FOR OVERLAY PROCESS
    SEGMENT: ?PR?_DELAY_1MS?DELAY
*** WARNING L16: UNCALLED SEGMENT, IGNORED FOR OVERLAY PROCESS
    SEGMENT: ?PR?MILE_DISPLAY?MILEAGE
*** WARNING L16: UNCALLED SEGMENT, IGNORED FOR OVERLAY PROCESS
    SEGMENT: ?PR?TURNING_PATTERN?TURNING
Program Size: data=78.3 xdata=0 code=8601
creating hex file from "后轮"...
"后轮" - 0 Error(s), 3 Warning(s).
Build target 'Target 1'
assembling STARTUP.A51...
compiling delay.c...
compiling mileage.c...
compiling Receice.c...
compiling turning.c...
compiling Back.c...
linking...
*** WARNING L16: UNCALLED SEGMENT, IGNORED FOR OVERLAY PROCESS
    SEGMENT: ?PR?_DELAY_1MS?DELAY
*** WARNING L16: UNCALLED SEGMENT, IGNORED FOR OVERLAY PROCESS
    SEGMENT: ?PR?MILE_DISPLAY?MILEAGE
*** WARNING L16: UNCALLED SEGMENT, IGNORED FOR OVERLAY PROCESS
    SEGMENT: ?PR?TURNING_PATTERN?TURNING
Program Size: data=78.3 xdata=0 code=8601
creating hex file from "后轮"...
"后轮" - 0 Error(s), 3 Warning(s).
Build target 'Target 1'
linking...
*** WARNING L16: UNCALLED SEGMENT, IGNORED FOR OVERLAY PROCESS
    SEGMENT: ?PR?_DELAY_1MS?DELAY
*** WARNING L16: UNCALLED SEGMENT, IGNORED FOR OVERLAY PROCESS
    SEGMENT: ?PR?MILE_DISPLAY?MILEAGE
*** WARNING L16: UNCALLED SEGMENT, IGNORED FOR OVERLAY PROCESS
    SEGMENT: ?PR?TURNING_PATTERN?TURNING
Program Size: data=78.3 xdata=0 code=8601
creating hex file from "后轮"...
"后轮" - 0 Error(s), 3 Warning(s).
Build target 'Target 1'
compiling Back.c...
linking...
*** WARNING L16: UNCALLED SEGMENT, IGNORED FOR OVERLAY PROCESS
    SEGMENT: ?PR?_DELAY_1MS?DELAY
*** WARNING L16: UNCALLED SEGMENT, IGNORED FOR OVERLAY PROCESS
    SEGMENT: ?PR?MILE_DISPLAY?MILEAGE
*** WARNING L16: UNCALLED SEGMENT, IGNORED FOR OVERLAY PROCESS
    SEGMENT: ?PR?TURNING_PATTERN?TURNING
Program Size: data=78.3 xdata=0 code=8593
creating hex file from "后轮"...
"后轮" - 0 Error(s), 3 Warning(s).
Build target 'Target 1'
assembling STARTUP.A51...
compiling delay.c...
compiling mileage.c...
compiling Receice.c...
compiling turning.c...
compiling Back.c...
linking...
*** WARNING L16: UNCALLED SEGMENT, IGNORED FOR OVERLAY PROCESS
    SEGMENT: ?PR?_DELAY_1MS?DELAY
*** WARNING L16: UNCALLED SEGMENT, IGNORED FOR OVERLAY PROCESS
    SEGMENT: ?PR?MILE_DISPLAY?MILEAGE
*** WARNING L16: UNCALLED SEGMENT, IGNORED FOR OVERLAY PROCESS
    SEGMENT: ?PR?TURNING_PATTERN?TURNING
Program Size: data=78.3 xdata=0 code=8593
creating hex file from "后轮"...
"后轮" - 0 Error(s), 3 Warning(s).
Build target 'Target 1'
compiling Back.c...
BACK.C(132): error C202: 'returen': undefined identifier
BACK.C(138): error C141: syntax error near 'return'
Target not created
Build target 'Target 1'
compiling Back.c...
BACK.C(138): error C141: syntax error near 'return'
Target not created
Build target 'Target 1'
assembling STARTUP.A51...
compiling delay.c...
compiling mileage.c...
compiling Receice.c...
compiling turning.c...
compiling Back.c...
BACK.C(138): error C141: syntax error near 'return'
Target not created
Build target 'Target 1'
compiling Back.c...
BACK.C(138): error C141: syntax error near 'return'
Target not created
compiling Back.c...
BACK.C(138): error C141: syntax error near 'return'
Back.c - 1 Error(s), 0 Warning(s).
Build target 'Target 1'
compiling Back.c...
BACK.C(138): error C141: syntax error near 'return'
Target not created
Build target 'Target 1'
compiling Back.c...
BACK.C(138): error C141: syntax error near 'return'
Target not created
Build target 'Target 1'
compiling Back.c...
BACK.C(138): error C141: syntax error near 'return'
Target not created
Build target 'Target 1'
compiling Back.c...
linking...
*** WARNING L16: UNCALLED SEGMENT, IGNORED FOR OVERLAY PROCESS
    SEGMENT: ?PR?_DELAY_1MS?DELAY
*** WARNING L16: UNCALLED SEGMENT, IGNORED FOR OVERLAY PROCESS
    SEGMENT: ?PR?MILE_DISPLAY?MILEAGE
*** WARNING L16: UNCALLED SEGMENT, IGNORED FOR OVERLAY PROCESS
    SEGMENT: ?PR?TURNING_PATTERN?TURNING
Program Size: data=78.3 xdata=0 code=8593
creating hex file from "后轮"...
"后轮" - 0 Error(s), 3 Warning(s).
Build target 'Target 1'
assembling STARTUP.A51...
compiling delay.c...
compiling mileage.c...
compiling Receice.c...
compiling turning.c...
compiling Back.c...
linking...
*** WARNING L16: UNCALLED SEGMENT, IGNORED FOR OVERLAY PROCESS
    SEGMENT: ?PR?_DELAY_1MS?DELAY
*** WARNING L16: UNCALLED SEGMENT, IGNORED FOR OVERLAY PROCESS
    SEGMENT: ?PR?MILE_DISPLAY?MILEAGE
*** WARNING L16: UNCALLED SEGMENT, IGNORED FOR OVERLAY PROCESS
    SEGMENT: ?PR?TURNING_PATTERN?TURNING
Program Size: data=78.3 xdata=0 code=8593
creating hex file from "后轮"...
"后轮" - 0 Error(s), 3 Warning(s).
Build target 'Target 1'
compiling Back.c...
linking...
*** WARNING L16: UNCALLED SEGMENT, IGNORED FOR OVERLAY PROCESS
    SEGMENT: ?PR?_DELAY_1MS?DELAY
*** WARNING L16: UNCALLED SEGMENT, IGNORED FOR OVERLAY PROCESS
    SEGMENT: ?PR?MILE_DISPLAY?MILEAGE
*** WARNING L16: UNCALLED SEGMENT, IGNORED FOR OVERLAY PROCESS
    SEGMENT: ?PR?TURNING_PATTERN?TURNING
*** WARNING L1: UNRESOLVED EXTERNAL SYMBOL
    SYMBOL:  PATTERN001
    MODULE:  Back.obj (BACK)
*** WARNING L1: UNRESOLVED EXTERNAL SYMBOL
    SYMBOL:  PATTERN002
    MODULE:  Back.obj (BACK)
*** WARNING L2: REFERENCE MADE TO UNRESOLVED EXTERNAL
    SYMBOL:  PATTERN001
    MODULE:  Back.obj (BACK)
    ADDRESS: 1A48H
*** WARNING L2: REFERENCE MADE TO UNRESOLVED EXTERNAL
    SYMBOL:  PATTERN002
    MODULE:  Back.obj (BACK)
    ADDRESS: 1A4BH
Program Size: data=78.3 xdata=0 code=6730
creating hex file from "后轮"...
"后轮" - 0 Error(s), 7 Warning(s).
Build target 'Target 1'
assembling STARTUP.A51...
compiling delay.c...
compiling mileage.c...
compiling Receice.c...
compiling turning.c...
compiling Back.c...
linking...
*** WARNING L16: UNCALLED SEGMENT, IGNORED FOR OVERLAY PROCESS
    SEGMENT: ?PR?_DELAY_1MS?DELAY
*** WARNING L16: UNCALLED SEGMENT, IGNORED FOR OVERLAY PROCESS
    SEGMENT: ?PR?MILE_DISPLAY?MILEAGE
*** WARNING L16: UNCALLED SEGMENT, IGNORED FOR OVERLAY PROCESS
    SEGMENT: ?PR?TURNING_PATTERN?TURNING
*** WARNING L1: UNRESOLVED EXTERNAL SYMBOL
    SYMBOL:  PATTERN001
    MODULE:  Back.obj (BACK)
*** WARNING L1: UNRESOLVED EXTERNAL SYMBOL
    SYMBOL:  PATTERN002
    MODULE:  Back.obj (BACK)
*** WARNING L2: REFERENCE MADE TO UNRESOLVED EXTERNAL
    SYMBOL:  PATTERN001
    MODULE:  Back.obj (BACK)
    ADDRESS: 1A48H
*** WARNING L2: REFERENCE MADE TO UNRESOLVED EXTERNAL
    SYMBOL:  PATTERN002
    MODULE:  Back.obj (BACK)
    ADDRESS: 1A4BH
Program Size: data=78.3 xdata=0 code=6730
creating hex file from "后轮"...
"后轮" - 0 Error(s), 7 Warning(s).
Build target 'Target 1'
compiling Back.c...
linking...
*** WARNING L16: UNCALLED SEGMENT, IGNORED FOR OVERLAY PROCESS
    SEGMENT: ?PR?_DELAY_1MS?DELAY
*** WARNING L16: UNCALLED SEGMENT, IGNORED FOR OVERLAY PROCESS
    SEGMENT: ?PR?MILE_DISPLAY?MILEAGE
*** WARNING L16: UNCALLED SEGMENT, IGNORED FOR OVERLAY PROCESS
    SEGMENT: ?PR?TURNING_PATTERN?TURNING
Program Size: data=78.3 xdata=0 code=6724
creating hex file from "后轮"...
"后轮" - 0 Error(s), 3 Warning(s).
Build target 'Target 1'
assembling STARTUP.A51...
compiling delay.c...
compiling mileage.c...
compiling Receice.c...
compiling turning.c...
compiling Back.c...
linking...
*** WARNING L16: UNCALLED SEGMENT, IGNORED FOR OVERLAY PROCESS
    SEGMENT: ?PR?_DELAY_1MS?DELAY
*** WARNING L16: UNCALLED SEGMENT, IGNORED FOR OVERLAY PROCESS
    SEGMENT: ?PR?MILE_DISPLAY?MILEAGE
*** WARNING L16: UNCALLED SEGMENT, IGNORED FOR OVERLAY PROCESS
    SEGMENT: ?PR?TURNING_PATTERN?TURNING
Program Size: data=78.3 xdata=0 code=6724
creating hex file from "后轮"...
"后轮" - 0 Error(s), 3 Warning(s).
Build target 'Target 1'
assembling STARTUP.A51...
compiling delay.c...
compiling mileage.c...
compiling Receice.c...
compiling turning.c...
compiling Back.c...
linking...
*** WARNING L16: UNCALLED SEGMENT, IGNORED FOR OVERLAY PROCESS
    SEGMENT: ?PR?_DELAY_1MS?DELAY
*** WARNING L16: UNCALLED SEGMENT, IGNORED FOR OVERLAY PROCESS
    SEGMENT: ?PR?MILE_DISPLAY?MILEAGE
*** WARNING L16: UNCALLED SEGMENT, IGNORED FOR OVERLAY PROCESS
    SEGMENT: ?PR?TURNING_PATTERN?TURNING
Program Size: data=78.3 xdata=0 code=6724
creating hex file from "后轮"...
"后轮" - 0 Error(s), 3 Warning(s).
Build target 'Target 1'
linking...
*** WARNING L16: UNCALLED SEGMENT, IGNORED FOR OVERLAY PROCESS
    SEGMENT: ?PR?_DELAY_1MS?DELAY
*** WARNING L16: UNCALLED SEGMENT, IGNORED FOR OVERLAY PROCESS
    SEGMENT: ?PR?MILE_DISPLAY?MILEAGE
*** WARNING L16: UNCALLED SEGMENT, IGNORED FOR OVERLAY PROCESS
    SEGMENT: ?PR?TURNING_PATTERN?TURNING
Program Size: data=78.3 xdata=0 code=6724
creating hex file from "后轮"...
"后轮" - 0 Error(s), 3 Warning(s).
Build target 'Target 1'
linking...
*** WARNING L16: UNCALLED SEGMENT, IGNORED FOR OVERLAY PROCESS
    SEGMENT: ?PR?_DELAY_1MS?DELAY
*** WARNING L16: UNCALLED SEGMENT, IGNORED FOR OVERLAY PROCESS
    SEGMENT: ?PR?MILE_DISPLAY?MILEAGE
*** WARNING L16: UNCALLED SEGMENT, IGNORED FOR OVERLAY PROCESS
    SEGMENT: ?PR?TURNING_PATTERN?TURNING
Program Size: data=78.3 xdata=0 code=6724
creating hex file from "后轮"...
"后轮" - 0 Error(s), 3 Warning(s).
Build target 'Target 1'
assembling STARTUP.A51...
compiling delay.c...
compiling mileage.c...
compiling Receice.c...
compiling turning.c...
compiling Back.c...
linking...
*** WARNING L16: UNCALLED SEGMENT, IGNORED FOR OVERLAY PROCESS
    SEGMENT: ?PR?_DELAY_1MS?DELAY
*** WARNING L16: UNCALLED SEGMENT, IGNORED FOR OVERLAY PROCESS
    SEGMENT: ?PR?MILE_DISPLAY?MILEAGE
*** WARNING L16: UNCALLED SEGMENT, IGNORED FOR OVERLAY PROCESS
    SEGMENT: ?PR?TURNING_PATTERN?TURNING
Program Size: data=78.3 xdata=0 code=6724
creating hex file from "后轮"...
"后轮" - 0 Error(s), 3 Warning(s).
Build target 'Target 1'
assembling STARTUP.A51...
compiling delay.c...
compiling mileage.c...
compiling Receice.c...
compiling turning.c...
compiling Back.c...
linking...
*** WARNING L16: UNCALLED SEGMENT, IGNORED FOR OVERLAY PROCESS
    SEGMENT: ?PR?_DELAY_1MS?DELAY
*** WARNING L16: UNCALLED SEGMENT, IGNORED FOR OVERLAY PROCESS
    SEGMENT: ?PR?MILE_DISPLAY?MILEAGE
*** WARNING L16: UNCALLED SEGMENT, IGNORED FOR OVERLAY PROCESS
    SEGMENT: ?PR?TURNING_PATTERN?TURNING
Program Size: data=78.3 xdata=0 code=6631
creating hex file from "后轮"...
"后轮" - 0 Error(s), 3 Warning(s).
Build target 'Target 1'
linking...
*** WARNING L16: UNCALLED SEGMENT, IGNORED FOR OVERLAY PROCESS
    SEGMENT: ?PR?_DELAY_1MS?DELAY
*** WARNING L16: UNCALLED SEGMENT, IGNORED FOR OVERLAY PROCESS
    SEGMENT: ?PR?MILE_DISPLAY?MILEAGE
*** WARNING L16: UNCALLED SEGMENT, IGNORED FOR OVERLAY PROCESS
    SEGMENT: ?PR?TURNING_PATTERN?TURNING
Program Size: data=78.3 xdata=0 code=6631
creating hex file from "后轮"...
"后轮" - 0 Error(s), 3 Warning(s).
Build target 'Target 1'
compiling Back.c...
linking...
*** WARNING L16: UNCALLED SEGMENT, IGNORED FOR OVERLAY PROCESS
    SEGMENT: ?PR?_DELAY_1MS?DELAY
*** WARNING L16: UNCALLED SEGMENT, IGNORED FOR OVERLAY PROCESS
    SEGMENT: ?PR?MILE_DISPLAY?MILEAGE
*** WARNING L16: UNCALLED SEGMENT, IGNORED FOR OVERLAY PROCESS
    SEGMENT: ?PR?TURNING_PATTERN?TURNING
Program Size: data=78.3 xdata=0 code=7132
creating hex file from "后轮"...
"后轮" - 0 Error(s), 3 Warning(s).
Build target 'Target 1'
assembling STARTUP.A51...
compiling delay.c...
compiling mileage.c...
compiling Receice.c...
compiling turning.c...
compiling Back.c...
linking...
*** WARNING L16: UNCALLED SEGMENT, IGNORED FOR OVERLAY PROCESS
    SEGMENT: ?PR?_DELAY_1MS?DELAY
*** WARNING L16: UNCALLED SEGMENT, IGNORED FOR OVERLAY PROCESS
    SEGMENT: ?PR?MILE_DISPLAY?MILEAGE
*** WARNING L16: UNCALLED SEGMENT, IGNORED FOR OVERLAY PROCESS
    SEGMENT: ?PR?TURNING_PATTERN?TURNING
Program Size: data=78.3 xdata=0 code=7132
creating hex file from "后轮"...
"后轮" - 0 Error(s), 3 Warning(s).
Build target 'Target 1'
linking...
*** WARNING L16: UNCALLED SEGMENT, IGNORED FOR OVERLAY PROCESS
    SEGMENT: ?PR?_DELAY_1MS?DELAY
*** WARNING L16: UNCALLED SEGMENT, IGNORED FOR OVERLAY PROCESS
    SEGMENT: ?PR?MILE_DISPLAY?MILEAGE
*** WARNING L16: UNCALLED SEGMENT, IGNORED FOR OVERLAY PROCESS
    SEGMENT: ?PR?TURNING_PATTERN?TURNING
Program Size: data=78.3 xdata=0 code=7132
creating hex file from "后轮"...
"后轮" - 0 Error(s), 3 Warning(s).
Build target 'Target 1'
linking...
*** WARNING L16: UNCALLED SEGMENT, IGNORED FOR OVERLAY PROCESS
    SEGMENT: ?PR?_DELAY_1MS?DELAY
*** WARNING L16: UNCALLED SEGMENT, IGNORED FOR OVERLAY PROCESS
    SEGMENT: ?PR?MILE_DISPLAY?MILEAGE
*** WARNING L16: UNCALLED SEGMENT, IGNORED FOR OVERLAY PROCESS
    SEGMENT: ?PR?TURNING_PATTERN?TURNING
Program Size: data=78.3 xdata=0 code=7132
creating hex file from "后轮"...
"后轮" - 0 Error(s), 3 Warning(s).
Build target 'Target 1'
linking...
*** WARNING L16: UNCALLED SEGMENT, IGNORED FOR OVERLAY PROCESS
    SEGMENT: ?PR?_DELAY_1MS?DELAY
*** WARNING L16: UNCALLED SEGMENT, IGNORED FOR OVERLAY PROCESS
    SEGMENT: ?PR?MILE_DISPLAY?MILEAGE
*** WARNING L16: UNCALLED SEGMENT, IGNORED FOR OVERLAY PROCESS
    SEGMENT: ?PR?TURNING_PATTERN?TURNING
Program Size: data=78.3 xdata=0 code=7132
creating hex file from "后轮"...
"后轮" - 0 Error(s), 3 Warning(s).
Build target 'Target 1'
assembling STARTUP.A51...
compiling delay.c...
compiling mileage.c...
compiling Receice.c...
compiling turning.c...
compiling Back.c...
linking...
*** WARNING L16: UNCALLED SEGMENT, IGNORED FOR OVERLAY PROCESS
    SEGMENT: ?PR?_DELAY_1MS?DELAY
*** WARNING L16: UNCALLED SEGMENT, IGNORED FOR OVERLAY PROCESS
    SEGMENT: ?PR?MILE_DISPLAY?MILEAGE
*** WARNING L16: UNCALLED SEGMENT, IGNORED FOR OVERLAY PROCESS
    SEGMENT: ?PR?TURNING_PATTERN?TURNING
Program Size: data=78.3 xdata=0 code=7132
creating hex file from "后轮"...
"后轮" - 0 Error(s), 3 Warning(s).
Build target 'Target 1'
compiling Back.c...
BACK.C(41): error C141: syntax error near 'else'
Target not created
Build target 'Target 1'
compiling Back.c...
BACK.C(41): error C141: syntax error near 'else'
Target not created
Build target 'Target 1'
compiling Back.c...
BACK.C(41): error C141: syntax error near 'else'
Target not created
Build target 'Target 1'
assembling STARTUP.A51...
compiling delay.c...
compiling mileage.c...
compiling Receice.c...
compiling turning.c...
compiling Back.c...
BACK.C(41): error C141: syntax error near 'else'
Target not created
Build target 'Target 1'
compiling Back.c...
BACK.C(41): error C141: syntax error near 'else'
Target not created
Build target 'Target 1'
compiling Back.c...
BACK.C(40): error C141: syntax error near 'else'
Target not created
Build target 'Target 1'
assembling STARTUP.A51...
compiling delay.c...
compiling mileage.c...
compiling Receice.c...
compiling turning.c...
compiling Back.c...
BACK.C(40): error C141: syntax error near 'else'
Target not created
Build target 'Target 1'
compiling Back.c...
linking...
*** WARNING L16: UNCALLED SEGMENT, IGNORED FOR OVERLAY PROCESS
    SEGMENT: ?PR?_DELAY_1MS?DELAY
*** WARNING L16: UNCALLED SEGMENT, IGNORED FOR OVERLAY PROCESS
    SEGMENT: ?PR?MILE_DISPLAY?MILEAGE
*** WARNING L16: UNCALLED SEGMENT, IGNORED FOR OVERLAY PROCESS
    SEGMENT: ?PR?TURNING_PATTERN?TURNING
Program Size: data=78.3 xdata=0 code=7059
creating hex file from "后轮"...
"后轮" - 0 Error(s), 3 Warning(s).
Build target 'Target 1'
linking...
*** WARNING L16: UNCALLED SEGMENT, IGNORED FOR OVERLAY PROCESS
    SEGMENT: ?PR?_DELAY_1MS?DELAY
*** WARNING L16: UNCALLED SEGMENT, IGNORED FOR OVERLAY PROCESS
    SEGMENT: ?PR?MILE_DISPLAY?MILEAGE
*** WARNING L16: UNCALLED SEGMENT, IGNORED FOR OVERLAY PROCESS
    SEGMENT: ?PR?TURNING_PATTERN?TURNING
Program Size: data=78.3 xdata=0 code=7059
creating hex file from "后轮"...
"后轮" - 0 Error(s), 3 Warning(s).
Build target 'Target 1'
assembling STARTUP.A51...
compiling delay.c...
compiling mileage.c...
compiling Receice.c...
compiling turning.c...
compiling Back.c...
linking...
*** WARNING L16: UNCALLED SEGMENT, IGNORED FOR OVERLAY PROCESS
    SEGMENT: ?PR?_DELAY_1MS?DELAY
*** WARNING L16: UNCALLED SEGMENT, IGNORED FOR OVERLAY PROCESS
    SEGMENT: ?PR?MILE_DISPLAY?MILEAGE
*** WARNING L16: UNCALLED SEGMENT, IGNORED FOR OVERLAY PROCESS
    SEGMENT: ?PR?TURNING_PATTERN?TURNING
Program Size: data=78.3 xdata=0 code=7059
creating hex file from "后轮"...
"后轮" - 0 Error(s), 3 Warning(s).
Build target 'Target 1'
compiling Back.c...
linking...
*** WARNING L16: UNCALLED SEGMENT, IGNORED FOR OVERLAY PROCESS
    SEGMENT: ?PR?_DELAY_1MS?DELAY
*** WARNING L16: UNCALLED SEGMENT, IGNORED FOR OVERLAY PROCESS
    SEGMENT: ?PR?MILE_DISPLAY?MILEAGE
*** WARNING L16: UNCALLED SEGMENT, IGNORED FOR OVERLAY PROCESS
    SEGMENT: ?PR?TURNING_PATTERN?TURNING
Program Size: data=78.3 xdata=0 code=6631
creating hex file from "后轮"...
"后轮" - 0 Error(s), 3 Warning(s).
Build target 'Target 1'
assembling STARTUP.A51...
compiling delay.c...
compiling mileage.c...
compiling Receice.c...
compiling turning.c...
compiling Back.c...
linking...
*** WARNING L16: UNCALLED SEGMENT, IGNORED FOR OVERLAY PROCESS
    SEGMENT: ?PR?_DELAY_1MS?DELAY
*** WARNING L16: UNCALLED SEGMENT, IGNORED FOR OVERLAY PROCESS
    SEGMENT: ?PR?MILE_DISPLAY?MILEAGE
*** WARNING L16: UNCALLED SEGMENT, IGNORED FOR OVERLAY PROCESS
    SEGMENT: ?PR?TURNING_PATTERN?TURNING
Program Size: data=78.3 xdata=0 code=6631
creating hex file from "后轮"...
"后轮" - 0 Error(s), 3 Warning(s).
